:compileJava UP-TO-DATE
:processResources
:classes
:findMainClass
:bootRun

  .   ____          _            __ _ _
 /\\ / ___'_ __ _ _(_)_ __  __ _ \ \ \ \
( ( )\___ | '_ | '_| | '_ \/ _` | \ \ \ \
 \\/  ___)| |_)| | | | | || (_| |  ) ) ) )
  '  |____| .__|_| |_|_| |_\__, | / / / /
 =========|_|==============|___/=/_/_/_/
 :: Spring Boot ::        (v1.2.5.RELEASE)

2015-08-04 10:39:44.352  INFO 28301 --- [           main] c.hspring.EmployeeDirectoryApplication   : Starting EmployeeDirectoryApplication on ip-172-31-30-117.us-west-2.compute.internal with PID 28301 (/home/ec2-user/EmployeeDirectory/build/classes/main started by ec2-user in /home/ec2-user/EmployeeDirectory)
2015-08-04 10:39:44.435  INFO 28301 --- [           main] ationConfigEmbeddedWebApplicationContext : Refreshing org.springframework.boot.context.embedded.AnnotationConfigEmbeddedWebApplicationContext@70a9f84e: startup date [Tue Aug 04 10:39:44 EDT 2015]; root of context hierarchy
2015-08-04 10:39:46.254  INFO 28301 --- [           main] o.s.b.f.s.DefaultListableBeanFactory     : Overriding bean definition for bean 'beanNameViewResolver': replacing [Root bean: class [null]; scope=; abstract=false; lazyInit=false; autowireMode=3; dependencyCheck=0; autowireCandidate=true; primary=false; factoryBeanName=org.springframework.boot.autoconfigure.web.ErrorMvcAutoConfiguration$WhitelabelErrorViewConfiguration; factoryMethodName=beanNameViewResolver; initMethodName=null; destroyMethodName=(inferred); defined in class path resource [org/springframework/boot/autoconfigure/web/ErrorMvcAutoConfiguration$WhitelabelErrorViewConfiguration.class]] with [Root bean: class [null]; scope=; abstract=false; lazyInit=false; autowireMode=3; dependencyCheck=0; autowireCandidate=true; primary=false; factoryBeanName=org.springframework.boot.autoconfigure.web.WebMvcAutoConfiguration$WebMvcAutoConfigurationAdapter; factoryMethodName=beanNameViewResolver; initMethodName=null; destroyMethodName=(inferred); defined in class path resource [org/springframework/boot/autoconfigure/web/WebMvcAutoConfiguration$WebMvcAutoConfigurationAdapter.class]]
2015-08-04 10:39:47.921  INFO 28301 --- [           main] trationDelegate$BeanPostProcessorChecker : Bean 'org.springframework.transaction.annotation.ProxyTransactionManagementConfiguration' of type [class org.springframework.transaction.annotation.ProxyTransactionManagementConfiguration$$EnhancerBySpringCGLIB$$883e25eb] is not eligible for getting processed by all BeanPostProcessors (for example: not eligible for auto-proxying)
2015-08-04 10:39:47.975  INFO 28301 --- [           main] trationDelegate$BeanPostProcessorChecker : Bean 'transactionAttributeSource' of type [class org.springframework.transaction.annotation.AnnotationTransactionAttributeSource] is not eligible for getting processed by all BeanPostProcessors (for example: not eligible for auto-proxying)
2015-08-04 10:39:47.985  INFO 28301 --- [           main] trationDelegate$BeanPostProcessorChecker : Bean 'transactionInterceptor' of type [class org.springframework.transaction.interceptor.TransactionInterceptor] is not eligible for getting processed by all BeanPostProcessors (for example: not eligible for auto-proxying)
2015-08-04 10:39:47.989  INFO 28301 --- [           main] trationDelegate$BeanPostProcessorChecker : Bean 'org.springframework.transaction.config.internalTransactionAdvisor' of type [class org.springframework.transaction.interceptor.BeanFactoryTransactionAttributeSourceAdvisor] is not eligible for getting processed by all BeanPostProcessors (for example: not eligible for auto-proxying)
2015-08-04 10:39:48.720  INFO 28301 --- [           main] e.j.JettyEmbeddedServletContainerFactory : Server initialized with port: 8080
2015-08-04 10:39:48.735  INFO 28301 --- [           main] org.eclipse.jetty.server.Server          : jetty-9.2.11.v20150529
2015-08-04 10:39:48.922  INFO 28301 --- [           main] /                                        : Initializing Spring embedded WebApplicationContext
2015-08-04 10:39:48.922  INFO 28301 --- [           main] o.s.web.context.ContextLoader            : Root WebApplicationContext: initialization completed in 4505 ms
2015-08-04 10:39:52.675  INFO 28301 --- [           main] j.LocalContainerEntityManagerFactoryBean : Building JPA container EntityManagerFactory for persistence unit 'default'
2015-08-04 10:39:52.703  INFO 28301 --- [           main] o.hibernate.jpa.internal.util.LogHelper  : HHH000204: Processing PersistenceUnitInfo [
	name: default
	...]
2015-08-04 10:39:52.804  INFO 28301 --- [           main] org.hibernate.Version                    : HHH000412: Hibernate Core {4.3.10.Final}
2015-08-04 10:39:52.808  INFO 28301 --- [           main] org.hibernate.cfg.Environment            : HHH000206: hibernate.properties not found
2015-08-04 10:39:52.810  INFO 28301 --- [           main] org.hibernate.cfg.Environment            : HHH000021: Bytecode provider name : javassist
2015-08-04 10:39:53.095  INFO 28301 --- [           main] o.hibernate.annotations.common.Version   : HCANN000001: Hibernate Commons Annotations {4.0.5.Final}
2015-08-04 10:39:53.230  INFO 28301 --- [           main] org.hibernate.dialect.Dialect            : HHH000400: Using dialect: org.hibernate.dialect.MySQLDialect
2015-08-04 10:39:53.438  INFO 28301 --- [           main] o.h.h.i.ast.ASTQueryTranslatorFactory    : HHH000397: Using ASTQueryTranslatorFactory
2015-08-04 10:39:56.045  INFO 28301 --- [           main] o.s.b.a.e.mvc.EndpointHandlerMapping     : Mapped "{[/dump],methods=[GET]}" onto public java.lang.Object org.springframework.boot.actuate.endpoint.mvc.EndpointMvcAdapter.invoke()
2015-08-04 10:39:56.046  INFO 28301 --- [           main] o.s.b.a.e.mvc.EndpointHandlerMapping     : Mapped "{[/metrics/{name:.*}],methods=[GET]}" onto public java.lang.Object org.springframework.boot.actuate.endpoint.mvc.MetricsMvcEndpoint.value(java.lang.String)
2015-08-04 10:39:56.046  INFO 28301 --- [           main] o.s.b.a.e.mvc.EndpointHandlerMapping     : Mapped "{[/metrics],methods=[GET]}" onto public java.lang.Object org.springframework.boot.actuate.endpoint.mvc.EndpointMvcAdapter.invoke()
2015-08-04 10:39:56.046  INFO 28301 --- [           main] o.s.b.a.e.mvc.EndpointHandlerMapping     : Mapped "{[/trace],methods=[GET]}" onto public java.lang.Object org.springframework.boot.actuate.endpoint.mvc.EndpointMvcAdapter.invoke()
2015-08-04 10:39:56.046  INFO 28301 --- [           main] o.s.b.a.e.mvc.EndpointHandlerMapping     : Mapped "{[/env/{name:.*}],methods=[GET]}" onto public java.lang.Object org.springframework.boot.actuate.endpoint.mvc.EnvironmentMvcEndpoint.value(java.lang.String)
2015-08-04 10:39:56.046  INFO 28301 --- [           main] o.s.b.a.e.mvc.EndpointHandlerMapping     : Mapped "{[/env],methods=[GET]}" onto public java.lang.Object org.springframework.boot.actuate.endpoint.mvc.EndpointMvcAdapter.invoke()
2015-08-04 10:39:56.047  INFO 28301 --- [           main] o.s.b.a.e.mvc.EndpointHandlerMapping     : Mapped "{[/info],methods=[GET]}" onto public java.lang.Object org.springframework.boot.actuate.endpoint.mvc.EndpointMvcAdapter.invoke()
2015-08-04 10:39:56.047  INFO 28301 --- [           main] o.s.b.a.e.mvc.EndpointHandlerMapping     : Mapped "{[/configprops],methods=[GET]}" onto public java.lang.Object org.springframework.boot.actuate.endpoint.mvc.EndpointMvcAdapter.invoke()
2015-08-04 10:39:56.047  INFO 28301 --- [           main] o.s.b.a.e.mvc.EndpointHandlerMapping     : Mapped "{[/mappings],methods=[GET]}" onto public java.lang.Object org.springframework.boot.actuate.endpoint.mvc.EndpointMvcAdapter.invoke()
2015-08-04 10:39:56.047  INFO 28301 --- [           main] o.s.b.a.e.mvc.EndpointHandlerMapping     : Mapped "{[/autoconfig],methods=[GET]}" onto public java.lang.Object org.springframework.boot.actuate.endpoint.mvc.EndpointMvcAdapter.invoke()
2015-08-04 10:39:56.047  INFO 28301 --- [           main] o.s.b.a.e.mvc.EndpointHandlerMapping     : Mapped "{[/beans],methods=[GET]}" onto public java.lang.Object org.springframework.boot.actuate.endpoint.mvc.EndpointMvcAdapter.invoke()
2015-08-04 10:39:56.048  INFO 28301 --- [           main] o.s.b.a.e.mvc.EndpointHandlerMapping     : Mapped "{[/health]}" onto public java.lang.Object org.springframework.boot.actuate.endpoint.mvc.HealthMvcEndpoint.invoke(java.security.Principal)
2015-08-04 10:39:56.311  INFO 28301 --- [           main] o.s.s.web.DefaultSecurityFilterChain     : Creating filter chain: Ant [pattern='/css/**'], []
2015-08-04 10:39:56.312  INFO 28301 --- [           main] o.s.s.web.DefaultSecurityFilterChain     : Creating filter chain: Ant [pattern='/js/**'], []
2015-08-04 10:39:56.312  INFO 28301 --- [           main] o.s.s.web.DefaultSecurityFilterChain     : Creating filter chain: Ant [pattern='/images/**'], []
2015-08-04 10:39:56.312  INFO 28301 --- [           main] o.s.s.web.DefaultSecurityFilterChain     : Creating filter chain: Ant [pattern='/**/favicon.ico'], []
2015-08-04 10:39:56.312  INFO 28301 --- [           main] o.s.s.web.DefaultSecurityFilterChain     : Creating filter chain: Ant [pattern='/error'], []
2015-08-04 10:39:56.387  INFO 28301 --- [           main] o.s.s.web.DefaultSecurityFilterChain     : Creating filter chain: org.springframework.security.web.util.matcher.AnyRequestMatcher@1, [org.springframework.security.web.context.request.async.WebAsyncManagerIntegrationFilter@22791b75, org.springframework.security.web.context.SecurityContextPersistenceFilter@71936a92, org.springframework.security.web.header.HeaderWriterFilter@3dfd6220, org.springframework.security.web.csrf.CsrfFilter@6c951ada, org.springframework.security.web.authentication.logout.LogoutFilter@12abcd1e, org.springframework.security.web.authentication.UsernamePasswordAuthenticationFilter@2801827a, org.springframework.security.web.savedrequest.RequestCacheAwareFilter@2dc39b53, org.springframework.security.web.servletapi.SecurityContextHolderAwareRequestFilter@2f2e4bde, org.springframework.security.web.authentication.AnonymousAuthenticationFilter@64f4f12, org.springframework.security.web.session.SessionManagementFilter@6de43bc1, org.springframework.security.web.access.ExceptionTranslationFilter@350da119, org.springframework.security.web.access.intercept.FilterSecurityInterceptor@45554613]
2015-08-04 10:39:56.392  INFO 28301 --- [           main] o.s.s.web.DefaultSecurityFilterChain     : Creating filter chain: OrRequestMatcher [requestMatchers=[Ant [pattern='/info'], Ant [pattern='/info/**'], Ant [pattern='/info.*'], Ant [pattern='/health'], Ant [pattern='/health/**'], Ant [pattern='/health.*'], Ant [pattern='/dump'], Ant [pattern='/dump/**'], Ant [pattern='/dump.*'], Ant [pattern='/metrics'], Ant [pattern='/metrics/**'], Ant [pattern='/metrics.*'], Ant [pattern='/trace'], Ant [pattern='/trace/**'], Ant [pattern='/trace.*'], Ant [pattern='/env'], Ant [pattern='/env/**'], Ant [pattern='/env.*'], Ant [pattern='/configprops'], Ant [pattern='/configprops/**'], Ant [pattern='/configprops.*'], Ant [pattern='/mappings'], Ant [pattern='/mappings/**'], Ant [pattern='/mappings.*'], Ant [pattern='/autoconfig'], Ant [pattern='/autoconfig/**'], Ant [pattern='/autoconfig.*'], Ant [pattern='/beans'], Ant [pattern='/beans/**'], Ant [pattern='/beans.*']]], [org.springframework.security.web.context.request.async.WebAsyncManagerIntegrationFilter@342ee097, org.springframework.security.web.context.SecurityContextPersistenceFilter@7b9088f2, org.springframework.security.web.header.HeaderWriterFilter@3f6cce7f, org.springframework.security.web.authentication.logout.LogoutFilter@4a2bf50f, org.springframework.security.web.authentication.www.BasicAuthenticationFilter@52354202, org.springframework.security.web.savedrequest.RequestCacheAwareFilter@1a914089, org.springframework.security.web.servletapi.SecurityContextHolderAwareRequestFilter@43d76a92, org.springframework.security.web.authentication.AnonymousAuthenticationFilter@6ac45c0c, org.springframework.security.web.session.SessionManagementFilter@2725ca05, org.springframework.security.web.access.ExceptionTranslationFilter@fddd7ae, org.springframework.security.web.access.intercept.FilterSecurityInterceptor@7ac48e10]
2015-08-04 10:39:56.582  INFO 28301 --- [           main] o.s.b.c.e.ServletRegistrationBean        : Mapping servlet: 'dispatcherServlet' to [/]
2015-08-04 10:39:56.584  INFO 28301 --- [           main] o.s.b.c.embedded.FilterRegistrationBean  : Mapping filter: 'metricFilter' to: [/*]
2015-08-04 10:39:56.584  INFO 28301 --- [           main] o.s.b.c.embedded.FilterRegistrationBean  : Mapping filter: 'characterEncodingFilter' to: [/*]
2015-08-04 10:39:56.584  INFO 28301 --- [           main] o.s.b.c.embedded.FilterRegistrationBean  : Mapping filter: 'hiddenHttpMethodFilter' to: [/*]
2015-08-04 10:39:56.584  INFO 28301 --- [           main] o.s.b.c.embedded.FilterRegistrationBean  : Mapping filter: 'webRequestLoggingFilter' to: [/*]
2015-08-04 10:39:56.584  INFO 28301 --- [           main] o.s.b.c.embedded.FilterRegistrationBean  : Mapping filter: 'springSecurityFilterChain' to: [/*]
2015-08-04 10:39:56.584  INFO 28301 --- [           main] o.s.b.c.embedded.FilterRegistrationBean  : Mapping filter: 'applicationContextIdFilter' to: [/*]
2015-08-04 10:39:57.097  INFO 28301 --- [           main] o.e.jetty.server.handler.ContextHandler  : Started o.s.b.c.e.j.JettyEmbeddedWebAppContext@6ddc67d0{/,null,AVAILABLE}
2015-08-04 10:39:57.097  INFO 28301 --- [           main] org.eclipse.jetty.server.Server          : Started @14217ms
2015-08-04 10:39:57.436  INFO 28301 --- [           main] s.w.s.m.m.a.RequestMappingHandlerAdapter : Looking for @ControllerAdvice: org.springframework.boot.context.embedded.AnnotationConfigEmbeddedWebApplicationContext@70a9f84e: startup date [Tue Aug 04 10:39:44 EDT 2015]; root of context hierarchy
2015-08-04 10:39:57.509  INFO 28301 --- [           main] s.w.s.m.m.a.RequestMappingHandlerMapping : Mapped "{[/login],methods=[GET]}" onto public java.lang.String com.hspring.controller.AppController.loginForm(org.springframework.ui.Model)
2015-08-04 10:39:57.509  INFO 28301 --- [           main] s.w.s.m.m.a.RequestMappingHandlerMapping : Mapped "{[/create],methods=[GET]}" onto public java.lang.String com.hspring.controller.AppController.createUser(org.springframework.ui.Model)
2015-08-04 10:39:57.522  INFO 28301 --- [           main] s.w.s.m.m.a.RequestMappingHandlerMapping : Mapped "{[/create],methods=[POST]}" onto public java.lang.String com.hspring.controller.AppController.createUser(com.hspring.entity.Employee,org.springframework.validation.BindingResult)
2015-08-04 10:39:57.522  INFO 28301 --- [           main] s.w.s.m.m.a.RequestMappingHandlerMapping : Mapped "{[/save],methods=[POST]}" onto public org.springframework.web.servlet.ModelAndView com.hspring.controller.AppController.modifyUser(com.hspring.entity.Employee,org.springframework.validation.BindingResult)
2015-08-04 10:39:57.522  INFO 28301 --- [           main] s.w.s.m.m.a.RequestMappingHandlerMapping : Mapped "{[/modify],methods=[POST]}" onto public org.springframework.web.servlet.ModelAndView com.hspring.controller.AppController.modifyUser(java.lang.Long)
2015-08-04 10:39:57.522  INFO 28301 --- [           main] s.w.s.m.m.a.RequestMappingHandlerMapping : Mapped "{[/ || /search],methods=[GET]}" onto public org.springframework.web.servlet.ModelAndView com.hspring.controller.AppController.loginSubmit(org.springframework.ui.Model)
2015-08-04 10:39:57.522  INFO 28301 --- [           main] s.w.s.m.m.a.RequestMappingHandlerMapping : Mapped "{[/search],methods=[POST]}" onto public org.springframework.web.servlet.ModelAndView com.hspring.controller.AppController.searchSubmit(com.hspring.model.SearchCriteria,org.springframework.validation.BindingResult)
2015-08-04 10:39:57.524  INFO 28301 --- [           main] s.w.s.m.m.a.RequestMappingHandlerMapping : Mapped "{[/error],produces=[text/html]}" onto public org.springframework.web.servlet.ModelAndView org.springframework.boot.autoconfigure.web.BasicErrorController.errorHtml(javax.servlet.http.HttpServletRequest)
2015-08-04 10:39:57.524  INFO 28301 --- [           main] s.w.s.m.m.a.RequestMappingHandlerMapping : Mapped "{[/error]}" onto public org.springframework.http.ResponseEntity<java.util.Map<java.lang.String, java.lang.Object>> org.springframework.boot.autoconfigure.web.BasicErrorController.error(javax.servlet.http.HttpServletRequest)
2015-08-04 10:39:57.561  INFO 28301 --- [           main] o.s.w.s.handler.SimpleUrlHandlerMapping  : Mapped URL path [/webjars/**] onto handler of type [class org.springframework.web.servlet.resource.ResourceHttpRequestHandler]
2015-08-04 10:39:57.561  INFO 28301 --- [           main] o.s.w.s.handler.SimpleUrlHandlerMapping  : Mapped URL path [/**] onto handler of type [class org.springframework.web.servlet.resource.ResourceHttpRequestHandler]
2015-08-04 10:39:57.626  INFO 28301 --- [           main] o.s.w.s.handler.SimpleUrlHandlerMapping  : Mapped URL path [/**/favicon.ico] onto handler of type [class org.springframework.web.servlet.resource.ResourceHttpRequestHandler]
2015-08-04 10:39:58.336  INFO 28301 --- [           main] o.s.j.e.a.AnnotationMBeanExporter        : Registering beans for JMX exposure on startup
2015-08-04 10:39:58.367  INFO 28301 --- [           main] o.s.c.support.DefaultLifecycleProcessor  : Starting beans in phase 0
2015-08-04 10:39:58.518  INFO 28301 --- [           main] /                                        : Initializing Spring FrameworkServlet 'dispatcherServlet'
2015-08-04 10:39:58.518  INFO 28301 --- [           main] o.s.web.servlet.DispatcherServlet        : FrameworkServlet 'dispatcherServlet': initialization started
2015-08-04 10:39:58.563  INFO 28301 --- [           main] o.s.web.servlet.DispatcherServlet        : FrameworkServlet 'dispatcherServlet': initialization completed in 45 ms
2015-08-04 10:39:58.634  INFO 28301 --- [           main] o.eclipse.jetty.server.ServerConnector   : Started ServerConnector@6658f08a{HTTP/1.1}{0.0.0.0:8080}
2015-08-04 10:39:58.636  INFO 28301 --- [           main] .s.b.c.e.j.JettyEmbeddedServletContainer : Jetty started on port(s) 8080 (http/1.1)
2015-08-04 10:39:58.637  INFO 28301 --- [           main] c.hspring.EmployeeDirectoryApplication   : Started EmployeeDirectoryApplication in 15.138 seconds (JVM running for 15.757)
2015-08-04 10:41:37.966  INFO 28301 --- [ qtp15910024-13] o.s.b.a.audit.listener.AuditListener     : AuditEvent [timestamp=Tue Aug 04 10:41:37 EDT 2015, principal=anonymousUser, type=AUTHORIZATION_FAILURE, data={type=org.springframework.security.access.AccessDeniedException, message=Access is denied}]
2015-08-04 10:53:06.152  INFO 28301 --- [ qtp15910024-17] o.s.b.a.audit.listener.AuditListener     : AuditEvent [timestamp=Tue Aug 04 10:53:06 EDT 2015, principal=anonymousUser, type=AUTHORIZATION_FAILURE, data={type=org.springframework.security.access.AccessDeniedException, message=Access is denied}]
2015-08-04 11:15:09.254  INFO 28301 --- [ qtp15910024-18] o.s.b.a.audit.listener.AuditListener     : AuditEvent [timestamp=Tue Aug 04 11:15:09 EDT 2015, principal=anonymousUser, type=AUTHORIZATION_FAILURE, data={type=org.springframework.security.access.AccessDeniedException, message=Access is denied}]
2015-08-04 15:01:28.313  INFO 28301 --- [ qtp15910024-17] o.s.b.a.audit.listener.AuditListener     : AuditEvent [timestamp=Tue Aug 04 15:01:28 EDT 2015, principal=anonymousUser, type=AUTHORIZATION_FAILURE, data={type=org.springframework.security.access.AccessDeniedException, message=Access is denied}]
Hibernate: select employee0_.id as id1_0_, employee0_.cellphone as cellphon2_0_, employee0_.email as email3_0_, employee0_.enabled as enabled4_0_, employee0_.firstname as firstnam5_0_, employee0_.homephone as homephon6_0_, employee0_.lastname as lastname7_0_, employee0_.location as location8_0_, employee0_.passwd as passwd9_0_, employee0_.role as role10_0_, employee0_.title as title11_0_, employee0_.workphone as workpho12_0_ from employee employee0_ where employee0_.email=?
2015-08-04 16:05:09.368  INFO 28301 --- [ qtp15910024-27] o.s.b.a.audit.listener.AuditListener     : AuditEvent [timestamp=Tue Aug 04 16:05:09 EDT 2015, principal=jsmith@hspring.com, type=AUTHENTICATION_SUCCESS, data={details=org.springframework.security.web.authentication.WebAuthenticationDetails@21a2c: RemoteIpAddress: 63.73.199.69; SessionId: 53lob792nork1bckv8ou868uz}]
2015-08-04 16:05:09.369  INFO 28301 --- [ qtp15910024-27] o.s.b.a.audit.listener.AuditListener     : AuditEvent [timestamp=Tue Aug 04 16:05:09 EDT 2015, principal=jsmith@hspring.com, type=AUTHENTICATION_SUCCESS, data={details=org.springframework.security.web.authentication.WebAuthenticationDetails@21a2c: RemoteIpAddress: 63.73.199.69; SessionId: 53lob792nork1bckv8ou868uz}]
2015-08-04 16:05:09.370  INFO 28301 --- [ qtp15910024-27] o.s.b.a.audit.listener.AuditListener     : AuditEvent [timestamp=Tue Aug 04 16:05:09 EDT 2015, principal=jsmith@hspring.com, type=AUTHENTICATION_SUCCESS, data={details=org.springframework.security.web.authentication.WebAuthenticationDetails@21a2c: RemoteIpAddress: 63.73.199.69; SessionId: 53lob792nork1bckv8ou868uz}]
Hibernate: select employee0_.id as id1_0_, employee0_.cellphone as cellphon2_0_, employee0_.email as email3_0_, employee0_.enabled as enabled4_0_, employee0_.firstname as firstnam5_0_, employee0_.homephone as homephon6_0_, employee0_.lastname as lastname7_0_, employee0_.location as location8_0_, employee0_.passwd as passwd9_0_, employee0_.role as role10_0_, employee0_.title as title11_0_, employee0_.workphone as workpho12_0_ from employee employee0_ where employee0_.firstname=?
Hibernate: select employee0_.id as id1_0_, employee0_.cellphone as cellphon2_0_, employee0_.email as email3_0_, employee0_.enabled as enabled4_0_, employee0_.firstname as firstnam5_0_, employee0_.homephone as homephon6_0_, employee0_.lastname as lastname7_0_, employee0_.location as location8_0_, employee0_.passwd as passwd9_0_, employee0_.role as role10_0_, employee0_.title as title11_0_, employee0_.workphone as workpho12_0_ from employee employee0_ where employee0_.id=?
Hibernate: select employee0_.id as id1_0_0_, employee0_.cellphone as cellphon2_0_0_, employee0_.email as email3_0_0_, employee0_.enabled as enabled4_0_0_, employee0_.firstname as firstnam5_0_0_, employee0_.homephone as homephon6_0_0_, employee0_.lastname as lastname7_0_0_, employee0_.location as location8_0_0_, employee0_.passwd as passwd9_0_0_, employee0_.role as role10_0_0_, employee0_.title as title11_0_0_, employee0_.workphone as workpho12_0_0_ from employee employee0_ where employee0_.id=?
Hibernate: update employee set cellphone=?, email=?, enabled=?, firstname=?, homephone=?, lastname=?, location=?, passwd=?, role=?, title=?, workphone=? where id=?
Hibernate: select employee0_.id as id1_0_, employee0_.cellphone as cellphon2_0_, employee0_.email as email3_0_, employee0_.enabled as enabled4_0_, employee0_.firstname as firstnam5_0_, employee0_.homephone as homephon6_0_, employee0_.lastname as lastname7_0_, employee0_.location as location8_0_, employee0_.passwd as passwd9_0_, employee0_.role as role10_0_, employee0_.title as title11_0_, employee0_.workphone as workpho12_0_ from employee employee0_ where employee0_.firstname=?
2015-08-04 17:57:05.721  INFO 28301 --- [ qtp15910024-25] o.s.b.a.audit.listener.AuditListener     : AuditEvent [timestamp=Tue Aug 04 17:57:05 EDT 2015, principal=anonymousUser, type=AUTHORIZATION_FAILURE, data={type=org.springframework.security.access.AccessDeniedException, message=Access is denied}]
Hibernate: select employee0_.id as id1_0_, employee0_.cellphone as cellphon2_0_, employee0_.email as email3_0_, employee0_.enabled as enabled4_0_, employee0_.firstname as firstnam5_0_, employee0_.homephone as homephon6_0_, employee0_.lastname as lastname7_0_, employee0_.location as location8_0_, employee0_.passwd as passwd9_0_, employee0_.role as role10_0_, employee0_.title as title11_0_, employee0_.workphone as workpho12_0_ from employee employee0_ where employee0_.email=?
2015-08-04 17:57:08.951  INFO 28301 --- [ qtp15910024-25] o.s.b.a.audit.listener.AuditListener     : AuditEvent [timestamp=Tue Aug 04 17:57:08 EDT 2015, principal=jsmith@hspring.com, type=AUTHENTICATION_SUCCESS, data={details=org.springframework.security.web.authentication.WebAuthenticationDetails@166c8: RemoteIpAddress: 63.73.199.69; SessionId: 1s37ynoujag2a1tbx35pebn86y}]
2015-08-04 17:57:08.952  INFO 28301 --- [ qtp15910024-25] o.s.b.a.audit.listener.AuditListener     : AuditEvent [timestamp=Tue Aug 04 17:57:08 EDT 2015, principal=jsmith@hspring.com, type=AUTHENTICATION_SUCCESS, data={details=org.springframework.security.web.authentication.WebAuthenticationDetails@166c8: RemoteIpAddress: 63.73.199.69; SessionId: 1s37ynoujag2a1tbx35pebn86y}]
2015-08-04 17:57:08.952  INFO 28301 --- [ qtp15910024-25] o.s.b.a.audit.listener.AuditListener     : AuditEvent [timestamp=Tue Aug 04 17:57:08 EDT 2015, principal=jsmith@hspring.com, type=AUTHENTICATION_SUCCESS, data={details=org.springframework.security.web.authentication.WebAuthenticationDetails@166c8: RemoteIpAddress: 63.73.199.69; SessionId: 1s37ynoujag2a1tbx35pebn86y}]
Hibernate: select employee0_.id as id1_0_, employee0_.cellphone as cellphon2_0_, employee0_.email as email3_0_, employee0_.enabled as enabled4_0_, employee0_.firstname as firstnam5_0_, employee0_.homephone as homephon6_0_, employee0_.lastname as lastname7_0_, employee0_.location as location8_0_, employee0_.passwd as passwd9_0_, employee0_.role as role10_0_, employee0_.title as title11_0_, employee0_.workphone as workpho12_0_ from employee employee0_ where employee0_.firstname=?
Hibernate: select employee0_.id as id1_0_, employee0_.cellphone as cellphon2_0_, employee0_.email as email3_0_, employee0_.enabled as enabled4_0_, employee0_.firstname as firstnam5_0_, employee0_.homephone as homephon6_0_, employee0_.lastname as lastname7_0_, employee0_.location as location8_0_, employee0_.passwd as passwd9_0_, employee0_.role as role10_0_, employee0_.title as title11_0_, employee0_.workphone as workpho12_0_ from employee employee0_ where employee0_.email=?
Hibernate: select employee0_.id as id1_0_, employee0_.cellphone as cellphon2_0_, employee0_.email as email3_0_, employee0_.enabled as enabled4_0_, employee0_.firstname as firstnam5_0_, employee0_.homephone as homephon6_0_, employee0_.lastname as lastname7_0_, employee0_.location as location8_0_, employee0_.passwd as passwd9_0_, employee0_.role as role10_0_, employee0_.title as title11_0_, employee0_.workphone as workpho12_0_ from employee employee0_ where employee0_.email=?
 ########## employee Employee{id=null, email='null', password='null', role='null', firstName='null', lastName='null', workPhone='null', cellPhone='null', homePhone='null', title='null', location='null', enabled=0} ################
Hibernate: insert into employee (cellphone, email, enabled, firstname, homephone, lastname, location, passwd, role, title, workphone) values (?, ?, ?, ?, ?, ?, ?, ?, ?, ?, ?)
2015-08-04 20:26:46.235  INFO 28301 --- [ qtp15910024-26] o.s.b.a.audit.listener.AuditListener     : AuditEvent [timestamp=Tue Aug 04 20:26:46 EDT 2015, principal=anonymousUser, type=AUTHORIZATION_FAILURE, data={type=org.springframework.security.access.AccessDeniedException, message=Access is denied}]
2015-08-05 01:59:38.932  INFO 28301 --- [ qtp15910024-26] o.s.b.a.audit.listener.AuditListener     : AuditEvent [timestamp=Wed Aug 05 01:59:38 EDT 2015, principal=anonymousUser, type=AUTHORIZATION_FAILURE, data={type=org.springframework.security.access.AccessDeniedException, message=Access is denied}]
2015-08-05 02:43:35.029  INFO 28301 --- [ qtp15910024-26] o.s.b.a.audit.listener.AuditListener     : AuditEvent [timestamp=Wed Aug 05 02:43:35 EDT 2015, principal=anonymousUser, type=AUTHORIZATION_FAILURE, data={type=org.springframework.security.access.AccessDeniedException, message=Dostęp zabroniony}]
2015-08-05 03:12:53.721  INFO 28301 --- [ qtp15910024-17] o.s.b.a.audit.listener.AuditListener     : AuditEvent [timestamp=Wed Aug 05 03:12:53 EDT 2015, principal=anonymousUser, type=AUTHORIZATION_FAILURE, data={type=org.springframework.security.access.AccessDeniedException, message=Access is denied}]
2015-08-05 03:12:54.271  INFO 28301 --- [ qtp15910024-14] o.s.b.a.audit.listener.AuditListener     : AuditEvent [timestamp=Wed Aug 05 03:12:54 EDT 2015, principal=anonymousUser, type=AUTHORIZATION_FAILURE, data={type=org.springframework.security.access.AccessDeniedException, message=Access is denied}]
2015-08-05 03:12:54.834  INFO 28301 --- [ qtp15910024-25] o.s.b.a.audit.listener.AuditListener     : AuditEvent [timestamp=Wed Aug 05 03:12:54 EDT 2015, principal=anonymousUser, type=AUTHORIZATION_FAILURE, data={type=org.springframework.security.access.AccessDeniedException, message=Access is denied}]
2015-08-05 03:12:55.391  INFO 28301 --- [ qtp15910024-17] o.s.b.a.audit.listener.AuditListener     : AuditEvent [timestamp=Wed Aug 05 03:12:55 EDT 2015, principal=anonymousUser, type=AUTHORIZATION_FAILURE, data={type=org.springframework.security.access.AccessDeniedException, message=Access is denied}]
2015-08-05 03:12:55.943  INFO 28301 --- [ qtp15910024-14] o.s.b.a.audit.listener.AuditListener     : AuditEvent [timestamp=Wed Aug 05 03:12:55 EDT 2015, principal=anonymousUser, type=AUTHORIZATION_FAILURE, data={type=org.springframework.security.access.AccessDeniedException, message=Access is denied}]
2015-08-05 03:12:56.510  INFO 28301 --- [ qtp15910024-25] o.s.b.a.audit.listener.AuditListener     : AuditEvent [timestamp=Wed Aug 05 03:12:56 EDT 2015, principal=anonymousUser, type=AUTHORIZATION_FAILURE, data={type=org.springframework.security.access.AccessDeniedException, message=Access is denied}]
2015-08-05 03:12:57.064  INFO 28301 --- [ qtp15910024-17] o.s.b.a.audit.listener.AuditListener     : AuditEvent [timestamp=Wed Aug 05 03:12:57 EDT 2015, principal=anonymousUser, type=AUTHORIZATION_FAILURE, data={type=org.springframework.security.access.AccessDeniedException, message=Access is denied}]
2015-08-05 04:31:29.354  INFO 28301 --- [ qtp15910024-14] o.s.b.a.audit.listener.AuditListener     : AuditEvent [timestamp=Wed Aug 05 04:31:29 EDT 2015, principal=anonymousUser, type=AUTHORIZATION_FAILURE, data={type=org.springframework.security.access.AccessDeniedException, message=Access is denied}]
2015-08-05 04:38:51.893  INFO 28301 --- [ qtp15910024-25] o.s.b.a.audit.listener.AuditListener     : AuditEvent [timestamp=Wed Aug 05 04:38:51 EDT 2015, principal=anonymousUser, type=AUTHORIZATION_FAILURE, data={type=org.springframework.security.access.AccessDeniedException, message=Access is denied}]
2015-08-05 06:40:35.931  INFO 28301 --- [ qtp15910024-25] o.s.b.a.audit.listener.AuditListener     : AuditEvent [timestamp=Wed Aug 05 06:40:35 EDT 2015, principal=anonymousUser, type=AUTHORIZATION_FAILURE, data={type=org.springframework.security.access.AccessDeniedException, message=Access is denied}]
2015-08-05 06:40:48.102  INFO 28301 --- [ qtp15910024-17] o.s.b.a.audit.listener.AuditListener     : AuditEvent [timestamp=Wed Aug 05 06:40:48 EDT 2015, principal=anonymousUser, type=AUTHORIZATION_FAILURE, data={type=org.springframework.security.access.AccessDeniedException, message=Access is denied}]
